C:\Users\juan\Desktop\OpenGLFrameowrkGit\\GraphicsLanguagesII_OpenGL\Debug\GLFW.lib
C:\Users\juan\Desktop\OpenGLFrameowrkGit\glfw-2.7.6\support\msvc100\DebugStatic\cl.command.1.tlog
C:\Users\juan\Desktop\OpenGLFrameowrkGit\glfw-2.7.6\support\msvc100\DebugStatic\CL.read.1.tlog
C:\Users\juan\Desktop\OpenGLFrameowrkGit\glfw-2.7.6\support\msvc100\DebugStatic\CL.write.1.tlog
C:\USERS\JUAN\DESKTOP\OPENGLFRAMEOWRKGIT\GLFW-2.7.6\SUPPORT\MSVC100\DEBUGSTATIC\ENABLE.OBJ
C:\USERS\JUAN\DESKTOP\OPENGLFRAMEOWRKGIT\GLFW-2.7.6\SUPPORT\MSVC100\DEBUGSTATIC\FULLSCREEN.OBJ
C:\USERS\JUAN\DESKTOP\OPENGLFRAMEOWRKGIT\GLFW-2.7.6\SUPPORT\MSVC100\DEBUGSTATIC\GLEXT.OBJ
C:\USERS\JUAN\DESKTOP\OPENGLFRAMEOWRKGIT\GLFW-2.7.6\SUPPORT\MSVC100\DEBUGSTATIC\IMAGE.OBJ
C:\USERS\JUAN\DESKTOP\OPENGLFRAMEOWRKGIT\GLFW-2.7.6\SUPPORT\MSVC100\DEBUGSTATIC\INIT.OBJ
C:\USERS\JUAN\DESKTOP\OPENGLFRAMEOWRKGIT\GLFW-2.7.6\SUPPORT\MSVC100\DEBUGSTATIC\INPUT.OBJ
C:\USERS\JUAN\DESKTOP\OPENGLFRAMEOWRKGIT\GLFW-2.7.6\SUPPORT\MSVC100\DEBUGSTATIC\JOYSTICK.OBJ
C:\Users\juan\Desktop\OpenGLFrameowrkGit\glfw-2.7.6\support\msvc100\DebugStatic\lib.command.1.tlog
C:\Users\juan\Desktop\OpenGLFrameowrkGit\glfw-2.7.6\support\msvc100\DebugStatic\Lib.read.1.tlog
C:\Users\juan\Desktop\OpenGLFrameowrkGit\glfw-2.7.6\support\msvc100\DebugStatic\Lib.write.1.tlog
C:\Users\juan\Desktop\OpenGLFrameowrkGit\glfw-2.7.6\support\msvc100\DebugStatic\Lib-link.read.1.tlog
C:\Users\juan\Desktop\OpenGLFrameowrkGit\glfw-2.7.6\support\msvc100\DebugStatic\Lib-link.write.1.tlog
C:\USERS\JUAN\DESKTOP\OPENGLFRAMEOWRKGIT\GLFW-2.7.6\SUPPORT\MSVC100\DEBUGSTATIC\STREAM.OBJ
C:\USERS\JUAN\DESKTOP\OPENGLFRAMEOWRKGIT\GLFW-2.7.6\SUPPORT\MSVC100\DEBUGSTATIC\TGA.OBJ
C:\USERS\JUAN\DESKTOP\OPENGLFRAMEOWRKGIT\GLFW-2.7.6\SUPPORT\MSVC100\DEBUGSTATIC\THREAD.OBJ
C:\USERS\JUAN\DESKTOP\OPENGLFRAMEOWRKGIT\GLFW-2.7.6\SUPPORT\MSVC100\DEBUGSTATIC\TIME.OBJ
C:\Users\juan\Desktop\OpenGLFrameowrkGit\glfw-2.7.6\support\msvc100\DebugStatic\vc100.idb
C:\USERS\JUAN\DESKTOP\OPENGLFRAMEOWRKGIT\GLFW-2.7.6\SUPPORT\MSVC100\DEBUGSTATIC\VC100.PDB
C:\USERS\JUAN\DESKTOP\OPENGLFRAMEOWRKGIT\GLFW-2.7.6\SUPPORT\MSVC100\DEBUGSTATIC\WIN32_DLLMAIN.OBJ
C:\USERS\JUAN\DESKTOP\OPENGLFRAMEOWRKGIT\GLFW-2.7.6\SUPPORT\MSVC100\DEBUGSTATIC\WIN32_ENABLE.OBJ
C:\USERS\JUAN\DESKTOP\OPENGLFRAMEOWRKGIT\GLFW-2.7.6\SUPPORT\MSVC100\DEBUGSTATIC\WIN32_FULLSCREEN.OBJ
C:\USERS\JUAN\DESKTOP\OPENGLFRAMEOWRKGIT\GLFW-2.7.6\SUPPORT\MSVC100\DEBUGSTATIC\WIN32_GLEXT.OBJ
C:\USERS\JUAN\DESKTOP\OPENGLFRAMEOWRKGIT\GLFW-2.7.6\SUPPORT\MSVC100\DEBUGSTATIC\WIN32_INIT.OBJ
C:\USERS\JUAN\DESKTOP\OPENGLFRAMEOWRKGIT\GLFW-2.7.6\SUPPORT\MSVC100\DEBUGSTATIC\WIN32_JOYSTICK.OBJ
C:\USERS\JUAN\DESKTOP\OPENGLFRAMEOWRKGIT\GLFW-2.7.6\SUPPORT\MSVC100\DEBUGSTATIC\WIN32_THREAD.OBJ
C:\USERS\JUAN\DESKTOP\OPENGLFRAMEOWRKGIT\GLFW-2.7.6\SUPPORT\MSVC100\DEBUGSTATIC\WIN32_TIME.OBJ
C:\USERS\JUAN\DESKTOP\OPENGLFRAMEOWRKGIT\GLFW-2.7.6\SUPPORT\MSVC100\DEBUGSTATIC\WIN32_WINDOW.OBJ
C:\USERS\JUAN\DESKTOP\OPENGLFRAMEOWRKGIT\GLFW-2.7.6\SUPPORT\MSVC100\DEBUGSTATIC\WINDOW.OBJ
C:\USERS\JUAN\DESKTOP\OPENGLFRAMEOWRKGIT\GRAPHICSLANGUAGESII_OPENGL\DEBUG\GLFW.LIB
