C:\USERS\WINS0024\DESKTOP\ASTEROIDS\DEBUG\GRAPHICSLANGUAGESII_OPENGL.EXE
C:\USERS\WINS0024\DESKTOP\ASTEROIDS\DEBUG\GRAPHICSLANGUAGESII_OPENGL.ILK
C:\USERS\WINS0024\DESKTOP\ASTEROIDS\DEBUG\GRAPHICSLANGUAGESII_OPENGL.PDB
C:\USERS\WINS0024\DESKTOP\ASTEROIDS\GRAPHICSLANGUAGESII_OPENGL\DEBUG\CAMERA.OBJ
C:\USERS\WINS0024\DESKTOP\ASTEROIDS\GRAPHICSLANGUAGESII_OPENGL\DEBUG\COMMON.OBJ
C:\USERS\WINS0024\DESKTOP\ASTEROIDS\GRAPHICSLANGUAGESII_OPENGL\DEBUG\COMPONENT.OBJ
C:\USERS\WINS0024\DESKTOP\ASTEROIDS\GRAPHICSLANGUAGESII_OPENGL\DEBUG\ENTITY.OBJ
C:\USERS\WINS0024\DESKTOP\ASTEROIDS\GRAPHICSLANGUAGESII_OPENGL\DEBUG\ENTITYMANAGER.OBJ
C:\USERS\WINS0024\DESKTOP\ASTEROIDS\GRAPHICSLANGUAGESII_OPENGL\DEBUG\GAMEMAIN.OBJ
C:\USERS\WINS0024\DESKTOP\ASTEROIDS\GRAPHICSLANGUAGESII_OPENGL\DEBUG\GAMEOBJECT.OBJ
C:\USERS\WINS0024\DESKTOP\ASTEROIDS\GRAPHICSLANGUAGESII_OPENGL\DEBUG\GRAPHICSLANGUAGESII_OPENGL.EXE.EMBED.MANIFEST
C:\USERS\WINS0024\DESKTOP\ASTEROIDS\GRAPHICSLANGUAGESII_OPENGL\DEBUG\GRAPHICSLANGUAGESII_OPENGL.EXE.EMBED.MANIFEST.RES
C:\USERS\WINS0024\DESKTOP\ASTEROIDS\GRAPHICSLANGUAGESII_OPENGL\DEBUG\GRAPHICSLANGUAGESII_OPENGL.EXE.INTERMEDIATE.MANIFEST
C:\USERS\WINS0024\DESKTOP\ASTEROIDS\GRAPHICSLANGUAGESII_OPENGL\DEBUG\GRAPHICSLANGUAGESII_OPENGL.PCH
C:\USERS\WINS0024\DESKTOP\ASTEROIDS\GRAPHICSLANGUAGESII_OPENGL\DEBUG\IMAGE_DXT.OBJ
C:\USERS\WINS0024\DESKTOP\ASTEROIDS\GRAPHICSLANGUAGESII_OPENGL\DEBUG\IMAGE_HELPER.OBJ
C:\USERS\WINS0024\DESKTOP\ASTEROIDS\GRAPHICSLANGUAGESII_OPENGL\DEBUG\INPUTMANAGER.OBJ
C:\USERS\WINS0024\DESKTOP\ASTEROIDS\GRAPHICSLANGUAGESII_OPENGL\DEBUG\LIGHTMANAGER.OBJ
C:\USERS\WINS0024\DESKTOP\ASTEROIDS\GRAPHICSLANGUAGESII_OPENGL\DEBUG\LIST.OBJ
C:\USERS\WINS0024\DESKTOP\ASTEROIDS\GRAPHICSLANGUAGESII_OPENGL\DEBUG\MAIN.OBJ
C:\USERS\WINS0024\DESKTOP\ASTEROIDS\GRAPHICSLANGUAGESII_OPENGL\DEBUG\MATERIAL.OBJ
C:\USERS\WINS0024\DESKTOP\ASTEROIDS\GRAPHICSLANGUAGESII_OPENGL\DEBUG\MATRIX.OBJ
C:\USERS\WINS0024\DESKTOP\ASTEROIDS\GRAPHICSLANGUAGESII_OPENGL\DEBUG\MODEL.OBJ
C:\USERS\WINS0024\DESKTOP\ASTEROIDS\GRAPHICSLANGUAGESII_OPENGL\DEBUG\MOUSESHADER.OBJ
C:\USERS\WINS0024\DESKTOP\ASTEROIDS\GRAPHICSLANGUAGESII_OPENGL\DEBUG\OBJ_PARSER.OBJ
C:\USERS\WINS0024\DESKTOP\ASTEROIDS\GRAPHICSLANGUAGESII_OPENGL\DEBUG\OBJLOADER.OBJ
C:\USERS\WINS0024\DESKTOP\ASTEROIDS\GRAPHICSLANGUAGESII_OPENGL\DEBUG\PLANE.OBJ
C:\USERS\WINS0024\DESKTOP\ASTEROIDS\GRAPHICSLANGUAGESII_OPENGL\DEBUG\PLAYER.OBJ
C:\USERS\WINS0024\DESKTOP\ASTEROIDS\GRAPHICSLANGUAGESII_OPENGL\DEBUG\QUAD.OBJ
C:\USERS\WINS0024\DESKTOP\ASTEROIDS\GRAPHICSLANGUAGESII_OPENGL\DEBUG\RENDERABLE.OBJ
C:\USERS\WINS0024\DESKTOP\ASTEROIDS\GRAPHICSLANGUAGESII_OPENGL\DEBUG\RENDERABLE2D.OBJ
C:\USERS\WINS0024\DESKTOP\ASTEROIDS\GRAPHICSLANGUAGESII_OPENGL\DEBUG\RENDERABLEELEMENTS.OBJ
C:\USERS\WINS0024\DESKTOP\ASTEROIDS\GRAPHICSLANGUAGESII_OPENGL\DEBUG\RENDERABLEMODEL.OBJ
C:\USERS\WINS0024\DESKTOP\ASTEROIDS\GRAPHICSLANGUAGESII_OPENGL\DEBUG\RENDERABLETEXT.OBJ
C:\USERS\WINS0024\DESKTOP\ASTEROIDS\GRAPHICSLANGUAGESII_OPENGL\DEBUG\RENDERER.OBJ
C:\USERS\WINS0024\DESKTOP\ASTEROIDS\GRAPHICSLANGUAGESII_OPENGL\DEBUG\RENDERER2D.OBJ
C:\USERS\WINS0024\DESKTOP\ASTEROIDS\GRAPHICSLANGUAGESII_OPENGL\DEBUG\RENDERTARGET.OBJ
C:\USERS\WINS0024\DESKTOP\ASTEROIDS\GRAPHICSLANGUAGESII_OPENGL\DEBUG\SHADER.OBJ
C:\USERS\WINS0024\DESKTOP\ASTEROIDS\GRAPHICSLANGUAGESII_OPENGL\DEBUG\SOIL.OBJ
C:\USERS\WINS0024\DESKTOP\ASTEROIDS\GRAPHICSLANGUAGESII_OPENGL\DEBUG\SPACESHIP.OBJ
C:\USERS\WINS0024\DESKTOP\ASTEROIDS\GRAPHICSLANGUAGESII_OPENGL\DEBUG\STB_IMAGE_AUG.OBJ
C:\USERS\WINS0024\DESKTOP\ASTEROIDS\GRAPHICSLANGUAGESII_OPENGL\DEBUG\STRING_EXTRA.OBJ
C:\USERS\WINS0024\DESKTOP\ASTEROIDS\GRAPHICSLANGUAGESII_OPENGL\DEBUG\TEXTBILLBOARD.OBJ
C:\USERS\WINS0024\DESKTOP\ASTEROIDS\GRAPHICSLANGUAGESII_OPENGL\DEBUG\TEXTURE2D.OBJ
C:\USERS\WINS0024\DESKTOP\ASTEROIDS\GRAPHICSLANGUAGESII_OPENGL\DEBUG\TEXTUREFONT.OBJ
C:\USERS\WINS0024\DESKTOP\ASTEROIDS\GRAPHICSLANGUAGESII_OPENGL\DEBUG\THRUSTERSHADER.OBJ
C:\USERS\WINS0024\DESKTOP\ASTEROIDS\GRAPHICSLANGUAGESII_OPENGL\DEBUG\UIMANAGER.OBJ
C:\USERS\WINS0024\DESKTOP\ASTEROIDS\GRAPHICSLANGUAGESII_OPENGL\DEBUG\VC100.PDB
C:\USERS\WINS0024\DESKTOP\ASTEROIDS\GRAPHICSLANGUAGESII_OPENGL\DEBUG\VECTOR.OBJ
C:\USERS\WINS0024\DESKTOP\GRAPHICS_ASSIGNMENT4\ASTEROIDS\DEBUG\GRAPHICSLANGUAGESII_OPENGL.EXE
C:\USERS\WINS0024\DESKTOP\GRAPHICS_ASSIGNMENT4\ASTEROIDS\DEBUG\GRAPHICSLANGUAGESII_OPENGL.ILK
C:\USERS\WINS0024\DESKTOP\GRAPHICS_ASSIGNMENT4\ASTEROIDS\DEBUG\GRAPHICSLANGUAGESII_OPENGL.PDB
C:\USERS\WINS0024\DESKTOP\GRAPHICS_ASSIGNMENT4\ASTEROIDS\GRAPHICSLANGUAGESII_OPENGL\DEBUG\CAMERA.OBJ
C:\Users\wins0024\Desktop\graphics_assignment4\Asteroids\GraphicsLanguagesII_OpenGL\Debug\cl.command.1.tlog
C:\Users\wins0024\Desktop\graphics_assignment4\Asteroids\GraphicsLanguagesII_OpenGL\Debug\CL.read.1.tlog
C:\Users\wins0024\Desktop\graphics_assignment4\Asteroids\GraphicsLanguagesII_OpenGL\Debug\CL.write.1.tlog
C:\USERS\WINS0024\DESKTOP\GRAPHICS_ASSIGNMENT4\ASTEROIDS\GRAPHICSLANGUAGESII_OPENGL\DEBUG\COMMON.OBJ
C:\USERS\WINS0024\DESKTOP\GRAPHICS_ASSIGNMENT4\ASTEROIDS\GRAPHICSLANGUAGESII_OPENGL\DEBUG\COMPONENT.OBJ
C:\USERS\WINS0024\DESKTOP\GRAPHICS_ASSIGNMENT4\ASTEROIDS\GRAPHICSLANGUAGESII_OPENGL\DEBUG\ENTITY.OBJ
C:\USERS\WINS0024\DESKTOP\GRAPHICS_ASSIGNMENT4\ASTEROIDS\GRAPHICSLANGUAGESII_OPENGL\DEBUG\ENTITYMANAGER.OBJ
C:\USERS\WINS0024\DESKTOP\GRAPHICS_ASSIGNMENT4\ASTEROIDS\GRAPHICSLANGUAGESII_OPENGL\DEBUG\GAMEMAIN.OBJ
C:\USERS\WINS0024\DESKTOP\GRAPHICS_ASSIGNMENT4\ASTEROIDS\GRAPHICSLANGUAGESII_OPENGL\DEBUG\GAMEOBJECT.OBJ
C:\USERS\WINS0024\DESKTOP\GRAPHICS_ASSIGNMENT4\ASTEROIDS\GRAPHICSLANGUAGESII_OPENGL\DEBUG\GRAPHICSLANGUAGESII_OPENGL.EXE.EMBED.MANIFEST
C:\USERS\WINS0024\DESKTOP\GRAPHICS_ASSIGNMENT4\ASTEROIDS\GRAPHICSLANGUAGESII_OPENGL\DEBUG\GRAPHICSLANGUAGESII_OPENGL.EXE.EMBED.MANIFEST.RES
C:\USERS\WINS0024\DESKTOP\GRAPHICS_ASSIGNMENT4\ASTEROIDS\GRAPHICSLANGUAGESII_OPENGL\DEBUG\GRAPHICSLANGUAGESII_OPENGL.EXE.INTERMEDIATE.MANIFEST
C:\USERS\WINS0024\DESKTOP\GRAPHICS_ASSIGNMENT4\ASTEROIDS\GRAPHICSLANGUAGESII_OPENGL\DEBUG\GRAPHICSLANGUAGESII_OPENGL.PCH
C:\Users\wins0024\Desktop\graphics_assignment4\Asteroids\GraphicsLanguagesII_OpenGL\Debug\GraphicsLanguagesII_OpenGL_manifest.rc
C:\USERS\WINS0024\DESKTOP\GRAPHICS_ASSIGNMENT4\ASTEROIDS\GRAPHICSLANGUAGESII_OPENGL\DEBUG\IMAGE_DXT.OBJ
C:\USERS\WINS0024\DESKTOP\GRAPHICS_ASSIGNMENT4\ASTEROIDS\GRAPHICSLANGUAGESII_OPENGL\DEBUG\IMAGE_HELPER.OBJ
C:\USERS\WINS0024\DESKTOP\GRAPHICS_ASSIGNMENT4\ASTEROIDS\GRAPHICSLANGUAGESII_OPENGL\DEBUG\INPUTMANAGER.OBJ
C:\USERS\WINS0024\DESKTOP\GRAPHICS_ASSIGNMENT4\ASTEROIDS\GRAPHICSLANGUAGESII_OPENGL\DEBUG\LIGHTMANAGER.OBJ
C:\Users\wins0024\Desktop\graphics_assignment4\Asteroids\GraphicsLanguagesII_OpenGL\Debug\link.1968.read.1.tlog
C:\Users\wins0024\Desktop\graphics_assignment4\Asteroids\GraphicsLanguagesII_OpenGL\Debug\link.1968.write.1.tlog
C:\Users\wins0024\Desktop\graphics_assignment4\Asteroids\GraphicsLanguagesII_OpenGL\Debug\link.1968-cvtres.read.1.tlog
C:\Users\wins0024\Desktop\graphics_assignment4\Asteroids\GraphicsLanguagesII_OpenGL\Debug\link.1968-cvtres.write.1.tlog
C:\Users\wins0024\Desktop\graphics_assignment4\Asteroids\GraphicsLanguagesII_OpenGL\Debug\link.2228.read.1.tlog
C:\Users\wins0024\Desktop\graphics_assignment4\Asteroids\GraphicsLanguagesII_OpenGL\Debug\link.2228.write.1.tlog
C:\Users\wins0024\Desktop\graphics_assignment4\Asteroids\GraphicsLanguagesII_OpenGL\Debug\link.2228-cvtres.read.1.tlog
C:\Users\wins0024\Desktop\graphics_assignment4\Asteroids\GraphicsLanguagesII_OpenGL\Debug\link.2228-cvtres.write.1.tlog
C:\Users\wins0024\Desktop\graphics_assignment4\Asteroids\GraphicsLanguagesII_OpenGL\Debug\link.3112.read.1.tlog
C:\Users\wins0024\Desktop\graphics_assignment4\Asteroids\GraphicsLanguagesII_OpenGL\Debug\link.3112.write.1.tlog
C:\Users\wins0024\Desktop\graphics_assignment4\Asteroids\GraphicsLanguagesII_OpenGL\Debug\link.3112-cvtres.read.1.tlog
C:\Users\wins0024\Desktop\graphics_assignment4\Asteroids\GraphicsLanguagesII_OpenGL\Debug\link.3112-cvtres.write.1.tlog
C:\Users\wins0024\Desktop\graphics_assignment4\Asteroids\GraphicsLanguagesII_OpenGL\Debug\link.3528.read.1.tlog
C:\Users\wins0024\Desktop\graphics_assignment4\Asteroids\GraphicsLanguagesII_OpenGL\Debug\link.3528.write.1.tlog
C:\Users\wins0024\Desktop\graphics_assignment4\Asteroids\GraphicsLanguagesII_OpenGL\Debug\link.3528-cvtres.read.1.tlog
C:\Users\wins0024\Desktop\graphics_assignment4\Asteroids\GraphicsLanguagesII_OpenGL\Debug\link.3528-cvtres.write.1.tlog
C:\Users\wins0024\Desktop\graphics_assignment4\Asteroids\GraphicsLanguagesII_OpenGL\Debug\link.4608.read.1.tlog
C:\Users\wins0024\Desktop\graphics_assignment4\Asteroids\GraphicsLanguagesII_OpenGL\Debug\link.4608.write.1.tlog
C:\Users\wins0024\Desktop\graphics_assignment4\Asteroids\GraphicsLanguagesII_OpenGL\Debug\link.4608-cvtres.read.1.tlog
C:\Users\wins0024\Desktop\graphics_assignment4\Asteroids\GraphicsLanguagesII_OpenGL\Debug\link.4608-cvtres.write.1.tlog
C:\Users\wins0024\Desktop\graphics_assignment4\Asteroids\GraphicsLanguagesII_OpenGL\Debug\link.5504.read.1.tlog
C:\Users\wins0024\Desktop\graphics_assignment4\Asteroids\GraphicsLanguagesII_OpenGL\Debug\link.5504.write.1.tlog
C:\Users\wins0024\Desktop\graphics_assignment4\Asteroids\GraphicsLanguagesII_OpenGL\Debug\link.5504-cvtres.read.1.tlog
C:\Users\wins0024\Desktop\graphics_assignment4\Asteroids\GraphicsLanguagesII_OpenGL\Debug\link.5504-cvtres.write.1.tlog
C:\Users\wins0024\Desktop\graphics_assignment4\Asteroids\GraphicsLanguagesII_OpenGL\Debug\link.5716.read.1.tlog
C:\Users\wins0024\Desktop\graphics_assignment4\Asteroids\GraphicsLanguagesII_OpenGL\Debug\link.5716.write.1.tlog
C:\Users\wins0024\Desktop\graphics_assignment4\Asteroids\GraphicsLanguagesII_OpenGL\Debug\link.5716-cvtres.read.1.tlog
C:\Users\wins0024\Desktop\graphics_assignment4\Asteroids\GraphicsLanguagesII_OpenGL\Debug\link.5716-cvtres.write.1.tlog
C:\Users\wins0024\Desktop\graphics_assignment4\Asteroids\GraphicsLanguagesII_OpenGL\Debug\link.command.1.tlog
C:\Users\wins0024\Desktop\graphics_assignment4\Asteroids\GraphicsLanguagesII_OpenGL\Debug\link.read.1.tlog
C:\Users\wins0024\Desktop\graphics_assignment4\Asteroids\GraphicsLanguagesII_OpenGL\Debug\link.write.1.tlog
C:\Users\wins0024\Desktop\graphics_assignment4\Asteroids\GraphicsLanguagesII_OpenGL\Debug\link-cvtres.read.1.tlog
C:\Users\wins0024\Desktop\graphics_assignment4\Asteroids\GraphicsLanguagesII_OpenGL\Debug\link-cvtres.write.1.tlog
C:\USERS\WINS0024\DESKTOP\GRAPHICS_ASSIGNMENT4\ASTEROIDS\GRAPHICSLANGUAGESII_OPENGL\DEBUG\LIST.OBJ
C:\USERS\WINS0024\DESKTOP\GRAPHICS_ASSIGNMENT4\ASTEROIDS\GRAPHICSLANGUAGESII_OPENGL\DEBUG\MAIN.OBJ
C:\USERS\WINS0024\DESKTOP\GRAPHICS_ASSIGNMENT4\ASTEROIDS\GRAPHICSLANGUAGESII_OPENGL\DEBUG\MATERIAL.OBJ
C:\USERS\WINS0024\DESKTOP\GRAPHICS_ASSIGNMENT4\ASTEROIDS\GRAPHICSLANGUAGESII_OPENGL\DEBUG\MATRIX.OBJ
C:\USERS\WINS0024\DESKTOP\GRAPHICS_ASSIGNMENT4\ASTEROIDS\GRAPHICSLANGUAGESII_OPENGL\DEBUG\MODEL.OBJ
C:\USERS\WINS0024\DESKTOP\GRAPHICS_ASSIGNMENT4\ASTEROIDS\GRAPHICSLANGUAGESII_OPENGL\DEBUG\MOUSESHADER.OBJ
C:\Users\wins0024\Desktop\graphics_assignment4\Asteroids\GraphicsLanguagesII_OpenGL\Debug\mt.command.1.tlog
C:\Users\wins0024\Desktop\graphics_assignment4\Asteroids\GraphicsLanguagesII_OpenGL\Debug\mt.read.1.tlog
C:\Users\wins0024\Desktop\graphics_assignment4\Asteroids\GraphicsLanguagesII_OpenGL\Debug\mt.write.1.tlog
C:\USERS\WINS0024\DESKTOP\GRAPHICS_ASSIGNMENT4\ASTEROIDS\GRAPHICSLANGUAGESII_OPENGL\DEBUG\OBJ_PARSER.OBJ
C:\USERS\WINS0024\DESKTOP\GRAPHICS_ASSIGNMENT4\ASTEROIDS\GRAPHICSLANGUAGESII_OPENGL\DEBUG\OBJLOADER.OBJ
C:\USERS\WINS0024\DESKTOP\GRAPHICS_ASSIGNMENT4\ASTEROIDS\GRAPHICSLANGUAGESII_OPENGL\DEBUG\PLANE.OBJ
C:\USERS\WINS0024\DESKTOP\GRAPHICS_ASSIGNMENT4\ASTEROIDS\GRAPHICSLANGUAGESII_OPENGL\DEBUG\PLAYER.OBJ
C:\USERS\WINS0024\DESKTOP\GRAPHICS_ASSIGNMENT4\ASTEROIDS\GRAPHICSLANGUAGESII_OPENGL\DEBUG\QUAD.OBJ
C:\Users\wins0024\Desktop\graphics_assignment4\Asteroids\GraphicsLanguagesII_OpenGL\Debug\rc.command.1.tlog
C:\Users\wins0024\Desktop\graphics_assignment4\Asteroids\GraphicsLanguagesII_OpenGL\Debug\rc.read.1.tlog
C:\Users\wins0024\Desktop\graphics_assignment4\Asteroids\GraphicsLanguagesII_OpenGL\Debug\rc.write.1.tlog
C:\USERS\WINS0024\DESKTOP\GRAPHICS_ASSIGNMENT4\ASTEROIDS\GRAPHICSLANGUAGESII_OPENGL\DEBUG\RENDERABLE.OBJ
C:\USERS\WINS0024\DESKTOP\GRAPHICS_ASSIGNMENT4\ASTEROIDS\GRAPHICSLANGUAGESII_OPENGL\DEBUG\RENDERABLE2D.OBJ
C:\USERS\WINS0024\DESKTOP\GRAPHICS_ASSIGNMENT4\ASTEROIDS\GRAPHICSLANGUAGESII_OPENGL\DEBUG\RENDERABLEELEMENTS.OBJ
C:\USERS\WINS0024\DESKTOP\GRAPHICS_ASSIGNMENT4\ASTEROIDS\GRAPHICSLANGUAGESII_OPENGL\DEBUG\RENDERABLEMODEL.OBJ
C:\USERS\WINS0024\DESKTOP\GRAPHICS_ASSIGNMENT4\ASTEROIDS\GRAPHICSLANGUAGESII_OPENGL\DEBUG\RENDERABLETEXT.OBJ
C:\USERS\WINS0024\DESKTOP\GRAPHICS_ASSIGNMENT4\ASTEROIDS\GRAPHICSLANGUAGESII_OPENGL\DEBUG\RENDERER.OBJ
C:\USERS\WINS0024\DESKTOP\GRAPHICS_ASSIGNMENT4\ASTEROIDS\GRAPHICSLANGUAGESII_OPENGL\DEBUG\RENDERER2D.OBJ
C:\USERS\WINS0024\DESKTOP\GRAPHICS_ASSIGNMENT4\ASTEROIDS\GRAPHICSLANGUAGESII_OPENGL\DEBUG\RENDERTARGET.OBJ
C:\USERS\WINS0024\DESKTOP\GRAPHICS_ASSIGNMENT4\ASTEROIDS\GRAPHICSLANGUAGESII_OPENGL\DEBUG\SHADER.OBJ
C:\USERS\WINS0024\DESKTOP\GRAPHICS_ASSIGNMENT4\ASTEROIDS\GRAPHICSLANGUAGESII_OPENGL\DEBUG\SOIL.OBJ
C:\USERS\WINS0024\DESKTOP\GRAPHICS_ASSIGNMENT4\ASTEROIDS\GRAPHICSLANGUAGESII_OPENGL\DEBUG\SPACESHIP.OBJ
C:\USERS\WINS0024\DESKTOP\GRAPHICS_ASSIGNMENT4\ASTEROIDS\GRAPHICSLANGUAGESII_OPENGL\DEBUG\STB_IMAGE_AUG.OBJ
C:\USERS\WINS0024\DESKTOP\GRAPHICS_ASSIGNMENT4\ASTEROIDS\GRAPHICSLANGUAGESII_OPENGL\DEBUG\STRING_EXTRA.OBJ
C:\USERS\WINS0024\DESKTOP\GRAPHICS_ASSIGNMENT4\ASTEROIDS\GRAPHICSLANGUAGESII_OPENGL\DEBUG\TEXTBILLBOARD.OBJ
C:\USERS\WINS0024\DESKTOP\GRAPHICS_ASSIGNMENT4\ASTEROIDS\GRAPHICSLANGUAGESII_OPENGL\DEBUG\TEXTURE2D.OBJ
C:\USERS\WINS0024\DESKTOP\GRAPHICS_ASSIGNMENT4\ASTEROIDS\GRAPHICSLANGUAGESII_OPENGL\DEBUG\TEXTUREFONT.OBJ
C:\USERS\WINS0024\DESKTOP\GRAPHICS_ASSIGNMENT4\ASTEROIDS\GRAPHICSLANGUAGESII_OPENGL\DEBUG\THRUSTERSHADER.OBJ
C:\USERS\WINS0024\DESKTOP\GRAPHICS_ASSIGNMENT4\ASTEROIDS\GRAPHICSLANGUAGESII_OPENGL\DEBUG\UIMANAGER.OBJ
C:\Users\wins0024\Desktop\graphics_assignment4\Asteroids\GraphicsLanguagesII_OpenGL\Debug\vc100.idb
C:\USERS\WINS0024\DESKTOP\GRAPHICS_ASSIGNMENT4\ASTEROIDS\GRAPHICSLANGUAGESII_OPENGL\DEBUG\VC100.PDB
C:\USERS\WINS0024\DESKTOP\GRAPHICS_ASSIGNMENT4\ASTEROIDS\GRAPHICSLANGUAGESII_OPENGL\DEBUG\VECTOR.OBJ
G:\GRAPHICS_ASSIGNMENT4\ASTEROIDS\DEBUG\GRAPHICSLANGUAGESII_OPENGL.EXE
G:\GRAPHICS_ASSIGNMENT4\ASTEROIDS\DEBUG\GRAPHICSLANGUAGESII_OPENGL.ILK
G:\GRAPHICS_ASSIGNMENT4\ASTEROIDS\DEBUG\GRAPHICSLANGUAGESII_OPENGL.PDB
G:\GRAPHICS_ASSIGNMENT4\ASTEROIDS\GRAPHICSLANGUAGESII_OPENGL\DEBUG\CAMERA.OBJ
G:\GRAPHICS_ASSIGNMENT4\ASTEROIDS\GRAPHICSLANGUAGESII_OPENGL\DEBUG\COMMON.OBJ
G:\GRAPHICS_ASSIGNMENT4\ASTEROIDS\GRAPHICSLANGUAGESII_OPENGL\DEBUG\COMPONENT.OBJ
G:\GRAPHICS_ASSIGNMENT4\ASTEROIDS\GRAPHICSLANGUAGESII_OPENGL\DEBUG\ENTITY.OBJ
G:\GRAPHICS_ASSIGNMENT4\ASTEROIDS\GRAPHICSLANGUAGESII_OPENGL\DEBUG\ENTITYMANAGER.OBJ
G:\GRAPHICS_ASSIGNMENT4\ASTEROIDS\GRAPHICSLANGUAGESII_OPENGL\DEBUG\GAMEMAIN.OBJ
G:\GRAPHICS_ASSIGNMENT4\ASTEROIDS\GRAPHICSLANGUAGESII_OPENGL\DEBUG\GAMEOBJECT.OBJ
G:\GRAPHICS_ASSIGNMENT4\ASTEROIDS\GRAPHICSLANGUAGESII_OPENGL\DEBUG\GRAPHICSLANGUAGESII_OPENGL.EXE.EMBED.MANIFEST
G:\GRAPHICS_ASSIGNMENT4\ASTEROIDS\GRAPHICSLANGUAGESII_OPENGL\DEBUG\GRAPHICSLANGUAGESII_OPENGL.EXE.EMBED.MANIFEST.RES
G:\GRAPHICS_ASSIGNMENT4\ASTEROIDS\GRAPHICSLANGUAGESII_OPENGL\DEBUG\GRAPHICSLANGUAGESII_OPENGL.EXE.INTERMEDIATE.MANIFEST
G:\GRAPHICS_ASSIGNMENT4\ASTEROIDS\GRAPHICSLANGUAGESII_OPENGL\DEBUG\GRAPHICSLANGUAGESII_OPENGL.PCH
G:\GRAPHICS_ASSIGNMENT4\ASTEROIDS\GRAPHICSLANGUAGESII_OPENGL\DEBUG\IMAGE_DXT.OBJ
G:\GRAPHICS_ASSIGNMENT4\ASTEROIDS\GRAPHICSLANGUAGESII_OPENGL\DEBUG\IMAGE_HELPER.OBJ
G:\GRAPHICS_ASSIGNMENT4\ASTEROIDS\GRAPHICSLANGUAGESII_OPENGL\DEBUG\INPUTMANAGER.OBJ
G:\GRAPHICS_ASSIGNMENT4\ASTEROIDS\GRAPHICSLANGUAGESII_OPENGL\DEBUG\LIGHTMANAGER.OBJ
G:\GRAPHICS_ASSIGNMENT4\ASTEROIDS\GRAPHICSLANGUAGESII_OPENGL\DEBUG\LIST.OBJ
G:\GRAPHICS_ASSIGNMENT4\ASTEROIDS\GRAPHICSLANGUAGESII_OPENGL\DEBUG\MAIN.OBJ
G:\GRAPHICS_ASSIGNMENT4\ASTEROIDS\GRAPHICSLANGUAGESII_OPENGL\DEBUG\MATERIAL.OBJ
G:\GRAPHICS_ASSIGNMENT4\ASTEROIDS\GRAPHICSLANGUAGESII_OPENGL\DEBUG\MATRIX.OBJ
G:\GRAPHICS_ASSIGNMENT4\ASTEROIDS\GRAPHICSLANGUAGESII_OPENGL\DEBUG\MODEL.OBJ
G:\GRAPHICS_ASSIGNMENT4\ASTEROIDS\GRAPHICSLANGUAGESII_OPENGL\DEBUG\MOUSESHADER.OBJ
G:\GRAPHICS_ASSIGNMENT4\ASTEROIDS\GRAPHICSLANGUAGESII_OPENGL\DEBUG\OBJ_PARSER.OBJ
G:\GRAPHICS_ASSIGNMENT4\ASTEROIDS\GRAPHICSLANGUAGESII_OPENGL\DEBUG\OBJLOADER.OBJ
G:\GRAPHICS_ASSIGNMENT4\ASTEROIDS\GRAPHICSLANGUAGESII_OPENGL\DEBUG\PLANE.OBJ
G:\GRAPHICS_ASSIGNMENT4\ASTEROIDS\GRAPHICSLANGUAGESII_OPENGL\DEBUG\PLAYER.OBJ
G:\GRAPHICS_ASSIGNMENT4\ASTEROIDS\GRAPHICSLANGUAGESII_OPENGL\DEBUG\QUAD.OBJ
G:\GRAPHICS_ASSIGNMENT4\ASTEROIDS\GRAPHICSLANGUAGESII_OPENGL\DEBUG\RENDERABLE.OBJ
G:\GRAPHICS_ASSIGNMENT4\ASTEROIDS\GRAPHICSLANGUAGESII_OPENGL\DEBUG\RENDERABLE2D.OBJ
G:\GRAPHICS_ASSIGNMENT4\ASTEROIDS\GRAPHICSLANGUAGESII_OPENGL\DEBUG\RENDERABLEELEMENTS.OBJ
G:\GRAPHICS_ASSIGNMENT4\ASTEROIDS\GRAPHICSLANGUAGESII_OPENGL\DEBUG\RENDERABLEMODEL.OBJ
G:\GRAPHICS_ASSIGNMENT4\ASTEROIDS\GRAPHICSLANGUAGESII_OPENGL\DEBUG\RENDERABLETEXT.OBJ
G:\GRAPHICS_ASSIGNMENT4\ASTEROIDS\GRAPHICSLANGUAGESII_OPENGL\DEBUG\RENDERER.OBJ
G:\GRAPHICS_ASSIGNMENT4\ASTEROIDS\GRAPHICSLANGUAGESII_OPENGL\DEBUG\RENDERER2D.OBJ
G:\GRAPHICS_ASSIGNMENT4\ASTEROIDS\GRAPHICSLANGUAGESII_OPENGL\DEBUG\RENDERTARGET.OBJ
G:\GRAPHICS_ASSIGNMENT4\ASTEROIDS\GRAPHICSLANGUAGESII_OPENGL\DEBUG\SHADER.OBJ
G:\GRAPHICS_ASSIGNMENT4\ASTEROIDS\GRAPHICSLANGUAGESII_OPENGL\DEBUG\SOIL.OBJ
G:\GRAPHICS_ASSIGNMENT4\ASTEROIDS\GRAPHICSLANGUAGESII_OPENGL\DEBUG\SPACESHIP.OBJ
G:\GRAPHICS_ASSIGNMENT4\ASTEROIDS\GRAPHICSLANGUAGESII_OPENGL\DEBUG\STB_IMAGE_AUG.OBJ
G:\GRAPHICS_ASSIGNMENT4\ASTEROIDS\GRAPHICSLANGUAGESII_OPENGL\DEBUG\STRING_EXTRA.OBJ
G:\GRAPHICS_ASSIGNMENT4\ASTEROIDS\GRAPHICSLANGUAGESII_OPENGL\DEBUG\TEXTBILLBOARD.OBJ
G:\GRAPHICS_ASSIGNMENT4\ASTEROIDS\GRAPHICSLANGUAGESII_OPENGL\DEBUG\TEXTURE2D.OBJ
G:\GRAPHICS_ASSIGNMENT4\ASTEROIDS\GRAPHICSLANGUAGESII_OPENGL\DEBUG\TEXTUREFONT.OBJ
G:\GRAPHICS_ASSIGNMENT4\ASTEROIDS\GRAPHICSLANGUAGESII_OPENGL\DEBUG\THRUSTERSHADER.OBJ
G:\GRAPHICS_ASSIGNMENT4\ASTEROIDS\GRAPHICSLANGUAGESII_OPENGL\DEBUG\UIMANAGER.OBJ
G:\GRAPHICS_ASSIGNMENT4\ASTEROIDS\GRAPHICSLANGUAGESII_OPENGL\DEBUG\VC100.PDB
G:\GRAPHICS_ASSIGNMENT4\ASTEROIDS\GRAPHICSLANGUAGESII_OPENGL\DEBUG\VECTOR.OBJ
