C:\USERS\JUAN\DESKTOP\OPENGLFRAMEOWRKGIT\DEBUG\OPENGL_FRAMEWORK.EXE
C:\USERS\JUAN\DESKTOP\OPENGLFRAMEOWRKGIT\DEBUG\OPENGL_FRAMEWORK.ILK
C:\USERS\JUAN\DESKTOP\OPENGLFRAMEOWRKGIT\DEBUG\OPENGL_FRAMEWORK.PDB
C:\USERS\JUAN\DESKTOP\OPENGLFRAMEOWRKGIT\GRAPHICSLANGUAGESII_OPENGL\DEBUG\CAMERA.OBJ
C:\Users\juan\Desktop\OpenGLFrameowrkGit\GraphicsLanguagesII_OpenGL\Debug\cl.command.1.tlog
C:\Users\juan\Desktop\OpenGLFrameowrkGit\GraphicsLanguagesII_OpenGL\Debug\CL.read.1.tlog
C:\Users\juan\Desktop\OpenGLFrameowrkGit\GraphicsLanguagesII_OpenGL\Debug\CL.write.1.tlog
C:\USERS\JUAN\DESKTOP\OPENGLFRAMEOWRKGIT\GRAPHICSLANGUAGESII_OPENGL\DEBUG\COMMON.OBJ
C:\USERS\JUAN\DESKTOP\OPENGLFRAMEOWRKGIT\GRAPHICSLANGUAGESII_OPENGL\DEBUG\COMPONENT.OBJ
C:\USERS\JUAN\DESKTOP\OPENGLFRAMEOWRKGIT\GRAPHICSLANGUAGESII_OPENGL\DEBUG\ENTITY.OBJ
C:\USERS\JUAN\DESKTOP\OPENGLFRAMEOWRKGIT\GRAPHICSLANGUAGESII_OPENGL\DEBUG\ENTITYMANAGER.OBJ
C:\USERS\JUAN\DESKTOP\OPENGLFRAMEOWRKGIT\GRAPHICSLANGUAGESII_OPENGL\DEBUG\GAMEMAIN.OBJ
C:\USERS\JUAN\DESKTOP\OPENGLFRAMEOWRKGIT\GRAPHICSLANGUAGESII_OPENGL\DEBUG\GAMEOBJECT.OBJ
C:\USERS\JUAN\DESKTOP\OPENGLFRAMEOWRKGIT\GRAPHICSLANGUAGESII_OPENGL\DEBUG\IMAGE_DXT.OBJ
C:\USERS\JUAN\DESKTOP\OPENGLFRAMEOWRKGIT\GRAPHICSLANGUAGESII_OPENGL\DEBUG\IMAGE_HELPER.OBJ
C:\USERS\JUAN\DESKTOP\OPENGLFRAMEOWRKGIT\GRAPHICSLANGUAGESII_OPENGL\DEBUG\INPUTMANAGER.OBJ
C:\USERS\JUAN\DESKTOP\OPENGLFRAMEOWRKGIT\GRAPHICSLANGUAGESII_OPENGL\DEBUG\LIGHTMANAGER.OBJ
C:\Users\juan\Desktop\OpenGLFrameowrkGit\GraphicsLanguagesII_OpenGL\Debug\link.5372.read.1.tlog
C:\Users\juan\Desktop\OpenGLFrameowrkGit\GraphicsLanguagesII_OpenGL\Debug\link.5372.write.1.tlog
C:\Users\juan\Desktop\OpenGLFrameowrkGit\GraphicsLanguagesII_OpenGL\Debug\link.5372-cvtres.read.1.tlog
C:\Users\juan\Desktop\OpenGLFrameowrkGit\GraphicsLanguagesII_OpenGL\Debug\link.5372-cvtres.write.1.tlog
C:\Users\juan\Desktop\OpenGLFrameowrkGit\GraphicsLanguagesII_OpenGL\Debug\link.command.1.tlog
C:\Users\juan\Desktop\OpenGLFrameowrkGit\GraphicsLanguagesII_OpenGL\Debug\link.read.1.tlog
C:\Users\juan\Desktop\OpenGLFrameowrkGit\GraphicsLanguagesII_OpenGL\Debug\link.write.1.tlog
C:\Users\juan\Desktop\OpenGLFrameowrkGit\GraphicsLanguagesII_OpenGL\Debug\link-cvtres.read.1.tlog
C:\Users\juan\Desktop\OpenGLFrameowrkGit\GraphicsLanguagesII_OpenGL\Debug\link-cvtres.write.1.tlog
C:\USERS\JUAN\DESKTOP\OPENGLFRAMEOWRKGIT\GRAPHICSLANGUAGESII_OPENGL\DEBUG\LIST.OBJ
C:\USERS\JUAN\DESKTOP\OPENGLFRAMEOWRKGIT\GRAPHICSLANGUAGESII_OPENGL\DEBUG\MAIN.OBJ
C:\USERS\JUAN\DESKTOP\OPENGLFRAMEOWRKGIT\GRAPHICSLANGUAGESII_OPENGL\DEBUG\MATERIAL.OBJ
C:\USERS\JUAN\DESKTOP\OPENGLFRAMEOWRKGIT\GRAPHICSLANGUAGESII_OPENGL\DEBUG\MATRIX.OBJ
C:\USERS\JUAN\DESKTOP\OPENGLFRAMEOWRKGIT\GRAPHICSLANGUAGESII_OPENGL\DEBUG\MODEL.OBJ
C:\USERS\JUAN\DESKTOP\OPENGLFRAMEOWRKGIT\GRAPHICSLANGUAGESII_OPENGL\DEBUG\MOUSESHADER.OBJ
C:\Users\juan\Desktop\OpenGLFrameowrkGit\GraphicsLanguagesII_OpenGL\Debug\mt.command.1.tlog
C:\Users\juan\Desktop\OpenGLFrameowrkGit\GraphicsLanguagesII_OpenGL\Debug\mt.read.1.tlog
C:\Users\juan\Desktop\OpenGLFrameowrkGit\GraphicsLanguagesII_OpenGL\Debug\mt.write.1.tlog
C:\USERS\JUAN\DESKTOP\OPENGLFRAMEOWRKGIT\GRAPHICSLANGUAGESII_OPENGL\DEBUG\OBJ_PARSER.OBJ
C:\USERS\JUAN\DESKTOP\OPENGLFRAMEOWRKGIT\GRAPHICSLANGUAGESII_OPENGL\DEBUG\OBJLOADER.OBJ
C:\USERS\JUAN\DESKTOP\OPENGLFRAMEOWRKGIT\GRAPHICSLANGUAGESII_OPENGL\DEBUG\OPENGL_FRAMEWORK.EXE.EMBED.MANIFEST
C:\USERS\JUAN\DESKTOP\OPENGLFRAMEOWRKGIT\GRAPHICSLANGUAGESII_OPENGL\DEBUG\OPENGL_FRAMEWORK.EXE.EMBED.MANIFEST.RES
C:\USERS\JUAN\DESKTOP\OPENGLFRAMEOWRKGIT\GRAPHICSLANGUAGESII_OPENGL\DEBUG\OPENGL_FRAMEWORK.EXE.INTERMEDIATE.MANIFEST
C:\USERS\JUAN\DESKTOP\OPENGLFRAMEOWRKGIT\GRAPHICSLANGUAGESII_OPENGL\DEBUG\OPENGL_FRAMEWORK.PCH
C:\Users\juan\Desktop\OpenGLFrameowrkGit\GraphicsLanguagesII_OpenGL\Debug\OpenGL_Framework_manifest.rc
C:\USERS\JUAN\DESKTOP\OPENGLFRAMEOWRKGIT\GRAPHICSLANGUAGESII_OPENGL\DEBUG\PLANE.OBJ
C:\USERS\JUAN\DESKTOP\OPENGLFRAMEOWRKGIT\GRAPHICSLANGUAGESII_OPENGL\DEBUG\PLAYER.OBJ
C:\USERS\JUAN\DESKTOP\OPENGLFRAMEOWRKGIT\GRAPHICSLANGUAGESII_OPENGL\DEBUG\QUAD.OBJ
C:\Users\juan\Desktop\OpenGLFrameowrkGit\GraphicsLanguagesII_OpenGL\Debug\rc.command.1.tlog
C:\Users\juan\Desktop\OpenGLFrameowrkGit\GraphicsLanguagesII_OpenGL\Debug\rc.read.1.tlog
C:\Users\juan\Desktop\OpenGLFrameowrkGit\GraphicsLanguagesII_OpenGL\Debug\rc.write.1.tlog
C:\USERS\JUAN\DESKTOP\OPENGLFRAMEOWRKGIT\GRAPHICSLANGUAGESII_OPENGL\DEBUG\RENDERABLE.OBJ
C:\USERS\JUAN\DESKTOP\OPENGLFRAMEOWRKGIT\GRAPHICSLANGUAGESII_OPENGL\DEBUG\RENDERABLE2D.OBJ
C:\USERS\JUAN\DESKTOP\OPENGLFRAMEOWRKGIT\GRAPHICSLANGUAGESII_OPENGL\DEBUG\RENDERABLEELEMENTS.OBJ
C:\USERS\JUAN\DESKTOP\OPENGLFRAMEOWRKGIT\GRAPHICSLANGUAGESII_OPENGL\DEBUG\RENDERABLEMODEL.OBJ
C:\USERS\JUAN\DESKTOP\OPENGLFRAMEOWRKGIT\GRAPHICSLANGUAGESII_OPENGL\DEBUG\RENDERABLETEXT.OBJ
C:\USERS\JUAN\DESKTOP\OPENGLFRAMEOWRKGIT\GRAPHICSLANGUAGESII_OPENGL\DEBUG\RENDERER.OBJ
C:\USERS\JUAN\DESKTOP\OPENGLFRAMEOWRKGIT\GRAPHICSLANGUAGESII_OPENGL\DEBUG\RENDERER2D.OBJ
C:\USERS\JUAN\DESKTOP\OPENGLFRAMEOWRKGIT\GRAPHICSLANGUAGESII_OPENGL\DEBUG\RENDERTARGET.OBJ
C:\USERS\JUAN\DESKTOP\OPENGLFRAMEOWRKGIT\GRAPHICSLANGUAGESII_OPENGL\DEBUG\SHADER.OBJ
C:\USERS\JUAN\DESKTOP\OPENGLFRAMEOWRKGIT\GRAPHICSLANGUAGESII_OPENGL\DEBUG\SOIL.OBJ
C:\USERS\JUAN\DESKTOP\OPENGLFRAMEOWRKGIT\GRAPHICSLANGUAGESII_OPENGL\DEBUG\SPACESHIP.OBJ
C:\USERS\JUAN\DESKTOP\OPENGLFRAMEOWRKGIT\GRAPHICSLANGUAGESII_OPENGL\DEBUG\STB_IMAGE_AUG.OBJ
C:\USERS\JUAN\DESKTOP\OPENGLFRAMEOWRKGIT\GRAPHICSLANGUAGESII_OPENGL\DEBUG\STRING_EXTRA.OBJ
C:\USERS\JUAN\DESKTOP\OPENGLFRAMEOWRKGIT\GRAPHICSLANGUAGESII_OPENGL\DEBUG\TEXTBILLBOARD.OBJ
C:\USERS\JUAN\DESKTOP\OPENGLFRAMEOWRKGIT\GRAPHICSLANGUAGESII_OPENGL\DEBUG\TEXTURE2D.OBJ
C:\USERS\JUAN\DESKTOP\OPENGLFRAMEOWRKGIT\GRAPHICSLANGUAGESII_OPENGL\DEBUG\TEXTUREFONT.OBJ
C:\USERS\JUAN\DESKTOP\OPENGLFRAMEOWRKGIT\GRAPHICSLANGUAGESII_OPENGL\DEBUG\THRUSTERSHADER.OBJ
C:\USERS\JUAN\DESKTOP\OPENGLFRAMEOWRKGIT\GRAPHICSLANGUAGESII_OPENGL\DEBUG\UIMANAGER.OBJ
C:\Users\juan\Desktop\OpenGLFrameowrkGit\GraphicsLanguagesII_OpenGL\Debug\vc100.idb
C:\USERS\JUAN\DESKTOP\OPENGLFRAMEOWRKGIT\GRAPHICSLANGUAGESII_OPENGL\DEBUG\VC100.PDB
C:\USERS\JUAN\DESKTOP\OPENGLFRAMEOWRKGIT\GRAPHICSLANGUAGESII_OPENGL\DEBUG\VECTOR.OBJ
